TrimmomaticSE: Started with arguments: -phred33 CG_Levi_15kb_R1.ndupB CG_Levi_15kb_R1.ndupB.clean SLIDINGWINDOW:4:20
Automatically using 16 threads
Exception processing read: HWI-ST330:373:H7F7PADXX:1:1101:1139:2188 1:N:0:CCGTCC
java.util.concurrent.ExecutionException: java.lang.ArrayIndexOutOfBoundsException: -1
	at java.util.concurrent.FutureTask$Sync.innerGet(FutureTask.java:252)
	at java.util.concurrent.FutureTask.get(FutureTask.java:111)
	at org.usadellab.trimmomatic.threading.SerializerWorker.run(SerializerWorker.java:39)
	at java.lang.Thread.run(Thread.java:722)
Caused by: java.lang.ArrayIndexOutOfBoundsException: -1
	at org.usadellab.trimmomatic.trim.SlidingWindowTrimmer.processRecord(SlidingWindowTrimmer.java:162)
	at org.usadellab.trimmomatic.trim.AbstractSingleRecordTrimmer.processRecords(AbstractSingleRecordTrimmer.java:19)
	at org.usadellab.trimmomatic.threading.BlockOfWork.call(BlockOfWork.java:166)
	at org.usadellab.trimmomatic.threading.BlockOfWork.call(BlockOfWork.java:11)
	at java.util.concurrent.FutureTask$Sync.innerRun(FutureTask.java:334)
	at java.util.concurrent.FutureTask.run(FutureTask.java:166)
	at java.util.concurrent.ThreadPoolExecutor.runWorker(ThreadPoolExecutor.java:1110)
	at java.util.concurrent.ThreadPoolExecutor$Worker.run(ThreadPoolExecutor.java:603)
	... 1 more
java.util.concurrent.ExecutionException: java.lang.ArrayIndexOutOfBoundsException: -1
	at java.util.concurrent.FutureTask$Sync.innerGet(FutureTask.java:252)
	at java.util.concurrent.FutureTask.get(FutureTask.java:111)
	at org.usadellab.trimmomatic.threading.TrimStatsWorker.run(TrimStatsWorker.java:40)
	at java.lang.Thread.run(Thread.java:722)
Caused by: java.lang.ArrayIndexOutOfBoundsException: -1
	at org.usadellab.trimmomatic.trim.SlidingWindowTrimmer.processRecord(SlidingWindowTrimmer.java:162)
	at org.usadellab.trimmomatic.trim.AbstractSingleRecordTrimmer.processRecords(AbstractSingleRecordTrimmer.java:19)
	at org.usadellab.trimmomatic.threading.BlockOfWork.call(BlockOfWork.java:166)
	at org.usadellab.trimmomatic.threading.BlockOfWork.call(BlockOfWork.java:11)
	at java.util.concurrent.FutureTask$Sync.innerRun(FutureTask.java:334)
	at java.util.concurrent.FutureTask.run(FutureTask.java:166)
	at java.util.concurrent.ThreadPoolExecutor.runWorker(ThreadPoolExecutor.java:1110)
	at java.util.concurrent.ThreadPoolExecutor$Worker.run(ThreadPoolExecutor.java:603)
	... 1 more
Exception in thread "Thread-1" Exception in thread "Thread-2" java.lang.RuntimeException: java.util.concurrent.ExecutionException: java.lang.ArrayIndexOutOfBoundsException: -1
	at org.usadellab.trimmomatic.threading.TrimStatsWorker.run(TrimStatsWorker.java:56)
	at java.lang.Thread.run(Thread.java:722)
Caused by: java.util.concurrent.ExecutionException: java.lang.ArrayIndexOutOfBoundsException: -1
	at java.util.concurrent.FutureTask$Sync.innerGet(FutureTask.java:252)
	at java.util.concurrent.FutureTask.get(FutureTask.java:111)
	at org.usadellab.trimmomatic.threading.TrimStatsWorker.run(TrimStatsWorker.java:40)
	... 1 more
Caused by: java.lang.ArrayIndexOutOfBoundsException: -1
	at org.usadellab.trimmomatic.trim.SlidingWindowTrimmer.processRecord(SlidingWindowTrimmer.java:162)
	at org.usadellab.trimmomatic.trim.AbstractSingleRecordTrimmer.processRecords(AbstractSingleRecordTrimmer.java:19)
	at org.usadellab.trimmomatic.threading.BlockOfWork.call(BlockOfWork.java:166)
	at org.usadellab.trimmomatic.threading.BlockOfWork.call(BlockOfWork.java:11)
	at java.util.concurrent.FutureTask$Sync.innerRun(FutureTask.java:334)
	at java.util.concurrent.FutureTask.run(FutureTask.java:166)
	at java.util.concurrent.ThreadPoolExecutor.runWorker(ThreadPoolExecutor.java:1110)
	at java.util.concurrent.ThreadPoolExecutor$Worker.run(ThreadPoolExecutor.java:603)
	... 1 more
java.lang.RuntimeException: java.util.concurrent.ExecutionException: java.lang.ArrayIndexOutOfBoundsException: -1
	at org.usadellab.trimmomatic.threading.SerializerWorker.run(SerializerWorker.java:56)
	at java.lang.Thread.run(Thread.java:722)
Caused by: java.util.concurrent.ExecutionException: java.lang.ArrayIndexOutOfBoundsException: -1
	at java.util.concurrent.FutureTask$Sync.innerGet(FutureTask.java:252)
	at java.util.concurrent.FutureTask.get(FutureTask.java:111)
	at org.usadellab.trimmomatic.threading.SerializerWorker.run(SerializerWorker.java:39)
	... 1 more
Caused by: java.lang.ArrayIndexOutOfBoundsException: -1
	at org.usadellab.trimmomatic.trim.SlidingWindowTrimmer.processRecord(SlidingWindowTrimmer.java:162)
	at org.usadellab.trimmomatic.trim.AbstractSingleRecordTrimmer.processRecords(AbstractSingleRecordTrimmer.java:19)
	at org.usadellab.trimmomatic.threading.BlockOfWork.call(BlockOfWork.java:166)
	at org.usadellab.trimmomatic.threading.BlockOfWork.call(BlockOfWork.java:11)
	at java.util.concurrent.FutureTask$Sync.innerRun(FutureTask.java:334)
	at java.util.concurrent.FutureTask.run(FutureTask.java:166)
	at java.util.concurrent.ThreadPoolExecutor.runWorker(ThreadPoolExecutor.java:1110)
	at java.util.concurrent.ThreadPoolExecutor$Worker.run(ThreadPoolExecutor.java:603)
	... 1 more
Exception processing read: HWI-ST330:373:H7F7PADXX:1:1101:5504:2383 1:N:0:CCGTCC
Exception processing read: HWI-ST330:373:H7F7PADXX:1:1101:3836:2691 1:N:0:CCGTCC
Exception processing read: HWI-ST330:373:H7F7PADXX:1:1101:3153:2862 1:N:0:CCGTCC
Exception processing read: HWI-ST330:373:H7F7PADXX:1:1101:20655:2845 1:N:0:CCGTCC
Exception processing read: HWI-ST330:373:H7F7PADXX:1:1101:18266:3190 1:N:0:CCGTCC
Exception processing read: HWI-ST330:373:H7F7PADXX:1:1101:16332:3384 1:N:0:CCGTCC
Exception processing read: HWI-ST330:373:H7F7PADXX:1:1101:15326:3521 1:N:0:CCGTCC
Exception processing read: HWI-ST330:373:H7F7PADXX:1:1101:13764:3871 1:N:0:CCGTCC
Exception processing read: HWI-ST330:373:H7F7PADXX:1:1101:10811:4048 1:N:0:CCGTCC
Exception processing read: HWI-ST330:373:H7F7PADXX:1:1101:9059:4361 1:N:0:CCGTCC
Exception processing read: HWI-ST330:373:H7F7PADXX:1:1101:7147:4742 1:N:0:CCGTCC
Exception processing read: HWI-ST330:373:H7F7PADXX:1:1101:4790:4992 1:N:0:CCGTCC
Exception processing read: HWI-ST330:373:H7F7PADXX:1:1101:3323:5017 1:N:0:CCGTCC
Exception processing read: HWI-ST330:373:H7F7PADXX:1:1101:2176:5428 1:N:0:CCGTCC
Exception processing read: HWI-ST330:373:H7F7PADXX:1:1101:20189:5325 1:N:0:CCGTCC
Exception processing read: HWI-ST330:373:H7F7PADXX:1:1101:17783:5563 1:N:0:CCGTCC
Exception processing read: HWI-ST330:373:H7F7PADXX:1:1101:16758:5753 1:N:0:CCGTCC
Exception processing read: HWI-ST330:373:H7F7PADXX:1:1101:16129:6123 1:N:0:CCGTCC
Exception processing read: HWI-ST330:373:H7F7PADXX:1:1101:14016:6339 1:N:0:CCGTCC
Exception processing read: HWI-ST330:373:H7F7PADXX:1:1101:12792:6632 1:N:0:CCGTCC
Exception processing read: HWI-ST330:373:H7F7PADXX:1:1101:11634:6878 1:N:0:CCGTCC
Exception processing read: HWI-ST330:373:H7F7PADXX:1:1101:9655:7203 1:N:0:CCGTCC
Exception processing read: HWI-ST330:373:H7F7PADXX:1:1101:8285:7481 1:N:0:CCGTCC
Exception processing read: HWI-ST330:373:H7F7PADXX:1:1101:5771:7601 1:N:0:CCGTCC
Exception processing read: HWI-ST330:373:H7F7PADXX:1:1101:4855:7802 1:N:0:CCGTCC
Exception processing read: HWI-ST330:373:H7F7PADXX:1:1101:2772:8219 1:N:0:CCGTCC
Exception processing read: HWI-ST330:373:H7F7PADXX:1:1101:20317:8096 1:N:0:CCGTCC
Exception processing read: HWI-ST330:373:H7F7PADXX:1:1101:18430:8348 1:N:0:CCGTCC
Exception processing read: HWI-ST330:373:H7F7PADXX:1:1101:16944:8642 1:N:0:CCGTCC
Exception processing read: HWI-ST330:373:H7F7PADXX:1:1101:15691:8835 1:N:0:CCGTCC
Exception processing read: HWI-ST330:373:H7F7PADXX:1:1101:14922:9129 1:N:0:CCGTTC
Exception processing read: HWI-ST330:373:H7F7PADXX:1:1101:13392:9343 1:N:0:CCGTCC
Exception processing read: HWI-ST330:373:H7F7PADXX:1:1101:11303:9512 1:N:0:CCGTCC
Exception processing read: HWI-ST330:373:H7F7PADXX:1:1101:10280:9801 1:N:0:CCGTCC
Exception processing read: HWI-ST330:373:H7F7PADXX:1:1101:8640:10171 1:N:0:CCGTCC
Exception processing read: HWI-ST330:373:H7F7PADXX:1:1101:7760:10402 1:N:0:CCGTCC
Exception processing read: HWI-ST330:373:H7F7PADXX:1:1101:5215:10611 1:N:0:CCGTCC
Exception processing read: HWI-ST330:373:H7F7PADXX:1:1101:3543:10800 1:N:0:CCGTCC
Exception processing read: HWI-ST330:373:H7F7PADXX:1:1101:2023:11111 1:N:0:CCGTCC
Exception processing read: HWI-ST330:373:H7F7PADXX:1:1101:20160:11100 1:N:0:CCGTCC
Exception processing read: HWI-ST330:373:H7F7PADXX:1:1101:17829:11418 1:N:0:CCGTCC
Exception processing read: HWI-ST330:373:H7F7PADXX:1:1101:16419:11685 1:N:0:CCGTCC
Exception processing read: HWI-ST330:373:H7F7PADXX:1:1101:14373:11831 1:N:0:CCGTCC
Exception processing read: HWI-ST330:373:H7F7PADXX:1:1101:12025:12229 1:N:0:CCGTCC
Exception processing read: HWI-ST330:373:H7F7PADXX:1:1101:9792:12250 1:N:0:CCGTCC
Exception processing read: HWI-ST330:373:H7F7PADXX:1:1101:8315:12590 1:N:0:CCGTCC
Exception processing read: HWI-ST330:373:H7F7PADXX:1:1101:6251:12849 1:N:0:CCGTCC
Exception processing read: HWI-ST330:373:H7F7PADXX:1:1101:4905:13012 1:N:0:CCGTCC
Exception processing read: HWI-ST330:373:H7F7PADXX:1:1101:2460:13433 1:N:0:CCGTCC
Exception processing read: HWI-ST330:373:H7F7PADXX:1:1101:1362:13656 1:N:0:CCGTCC
Exception processing read: HWI-ST330:373:H7F7PADXX:1:1101:20085:13599 1:N:0:CCGTCC
Exception processing read: HWI-ST330:373:H7F7PADXX:1:1101:18354:13775 1:N:0:CCGTCC
Exception processing read: HWI-ST330:373:H7F7PADXX:1:1101:17213:14017 1:N:0:CCGTCC
Exception processing read: HWI-ST330:373:H7F7PADXX:1:1101:15231:14452 1:N:0:CCGTCC
Exception processing read: HWI-ST330:373:H7F7PADXX:1:1101:14409:14661 1:N:0:CCGTCC
Exception processing read: HWI-ST330:373:H7F7PADXX:1:1101:12031:14946 1:N:0:CCGTCC
Exception processing read: HWI-ST330:373:H7F7PADXX:1:1101:11026:15033 1:N:0:CCGTCC
Exception processing read: HWI-ST330:373:H7F7PADXX:1:1101:9482:15414 1:N:0:CCGTCC
Exception processing read: HWI-ST330:373:H7F7PADXX:1:1101:7697:15562 1:N:0:CCGTCC
Exception processing read: HWI-ST330:373:H7F7PADXX:1:1101:5295:15968 1:N:0:CCGTCC
Exception processing read: HWI-ST330:373:H7F7PADXX:1:1101:3421:16154 1:N:0:CCGTCC
Exception processing read: HWI-ST330:373:H7F7PADXX:1:1101:21009:16204 1:N:0:CCGTCC
Exception processing read: HWI-ST330:373:H7F7PADXX:1:1101:18840:16463 1:N:0:CCGTCA
Exception processing read: HWI-ST330:373:H7F7PADXX:1:1101:16472:16645 1:N:0:CCGTCC
Exception processing read: HWI-ST330:373:H7F7PADXX:1:1101:14252:16908 1:N:0:CCGTCC
Exception processing read: HWI-ST330:373:H7F7PADXX:1:1101:12019:17106 1:N:0:CCGTCC
Exception processing read: HWI-ST330:373:H7F7PADXX:1:1101:10506:17316 1:N:0:CCGTCC
Exception processing read: HWI-ST330:373:H7F7PADXX:1:1101:7856:17544 1:N:0:CCGTCC
Exception processing read: HWI-ST330:373:H7F7PADXX:1:1101:5470:17950 1:N:0:CCGTCC
Exception processing read: HWI-ST330:373:H7F7PADXX:1:1101:4080:18227 1:N:0:CCGTCC
Exception processing read: HWI-ST330:373:H7F7PADXX:1:1101:3138:18440 1:N:0:CCGTCC
Exception processing read: HWI-ST330:373:H7F7PADXX:1:1101:1334:18551 1:N:0:CCGTCC
Exception processing read: HWI-ST330:373:H7F7PADXX:1:1101:19897:18589 1:N:0:CCGTCC
Exception processing read: HWI-ST330:373:H7F7PADXX:1:1101:17778:18961 1:N:0:CCGTCC
Exception processing read: HWI-ST330:373:H7F7PADXX:1:1101:16293:19120 1:N:0:CCGTCC
Exception processing read: HWI-ST330:373:H7F7PADXX:1:1101:14614:19345 1:N:0:CCGTCC
Exception processing read: HWI-ST330:373:H7F7PADXX:1:1101:12687:19722 1:N:0:CCGTCC
Exception processing read: HWI-ST330:373:H7F7PADXX:1:1101:10849:19889 1:N:0:CCGTCC
Exception processing read: HWI-ST330:373:H7F7PADXX:1:1101:9918:20147 1:N:0:CCGTCC
Exception processing read: HWI-ST330:373:H7F7PADXX:1:1101:8961:20354 1:N:0:CCGTCC
Exception processing read: HWI-ST330:373:H7F7PADXX:1:1101:7652:20551 1:N:0:CCGTCC
TrimmomaticSE: Started with arguments: -phred33 CG_Levi_15kb_R1.ndupB CG_Levi_15kb_R1.ndupB.clean SLIDINGWINDOW:4:20
Automatically using 16 threads
Input Reads: 25628423 Surviving: 25628420 (100.00%) Dropped: 3 (0.00%)
TrimmomaticSE: Completed successfully
